<?xml version="1.0" encoding="utf-8"?><testsuites name="pytest tests"><testsuite name="pytest" errors="0" failures="0" skipped="0" tests="55" time="0.247" timestamp="2025-10-21T08:46:20.226890+00:00" hostname="runnervmwhb2z"><testcase classname="test_calculator.TestCalculatorBasicOperations" name="test_add_positive_numbers" time="0.001" /><testcase classname="test_calculator.TestCalculatorBasicOperations" name="test_add_negative_numbers" time="0.001" /><testcase classname="test_calculator.TestCalculatorBasicOperations" name="test_add_mixed_numbers" time="0.001" /><testcase classname="test_calculator.TestCalculatorBasicOperations" name="test_subtract_positive_numbers" time="0.001" /><testcase classname="test_calculator.TestCalculatorBasicOperations" name="test_subtract_result_negative" time="0.001" /><testcase classname="test_calculator.TestCalculatorBasicOperations" name="test_multiply_positive_numbers" time="0.001" /><testcase classname="test_calculator.TestCalculatorBasicOperations" name="test_multiply_by_zero" time="0.001" /><testcase classname="test_calculator.TestCalculatorBasicOperations" name="test_multiply_negative_numbers" time="0.001" /><testcase classname="test_calculator.TestCalculatorBasicOperations" name="test_divide_positive_numbers" time="0.001" /><testcase classname="test_calculator.TestCalculatorBasicOperations" name="test_divide_with_decimal_result" time="0.001" /><testcase classname="test_calculator.TestCalculatorBasicOperations" name="test_divide_by_zero_raises_error" time="0.001" /><testcase classname="test_calculator.TestCalculatorBasicOperations" name="test_power_positive_exponent" time="0.001" /><testcase classname="test_calculator.TestCalculatorBasicOperations" name="test_power_zero_exponent" time="0.001" /><testcase classname="test_calculator.TestCalculatorBasicOperations" name="test_power_negative_exponent" time="0.001" /><testcase classname="test_calculator.TestCalculatorParametrized" name="test_add_various_inputs[0-0-0]" time="0.001" /><testcase classname="test_calculator.TestCalculatorParametrized" name="test_add_various_inputs[1-1-2]" time="0.001" /><testcase classname="test_calculator.TestCalculatorParametrized" name="test_add_various_inputs[100-200-300]" time="0.001" /><testcase classname="test_calculator.TestCalculatorParametrized" name="test_add_various_inputs[-5-5-0]" time="0.001" /><testcase classname="test_calculator.TestCalculatorParametrized" name="test_add_various_inputs[-10--20--30]" time="0.001" /><testcase classname="test_calculator.TestCalculatorParametrized" name="test_subtract_various_inputs[10-5-5]" time="0.001" /><testcase classname="test_calculator.TestCalculatorParametrized" name="test_subtract_various_inputs[0-0-0]" time="0.001" /><testcase classname="test_calculator.TestCalculatorParametrized" name="test_subtract_various_inputs[5-10--5]" time="0.001" /><testcase classname="test_calculator.TestCalculatorParametrized" name="test_subtract_various_inputs[-5--3--2]" time="0.001" /><testcase classname="test_calculator.TestCalculatorParametrized" name="test_multiply_various_inputs[2-3-6]" time="0.001" /><testcase classname="test_calculator.TestCalculatorParametrized" name="test_multiply_various_inputs[0-100-0]" time="0.001" /><testcase classname="test_calculator.TestCalculatorParametrized" name="test_multiply_various_inputs[-2-3--6]" time="0.001" /><testcase classname="test_calculator.TestCalculatorParametrized" name="test_multiply_various_inputs[-2--3-6]" time="0.001" /><testcase classname="test_calculator.TestCalculatorHistory" name="test_history_starts_empty" time="0.001" /><testcase classname="test_calculator.TestCalculatorHistory" name="test_history_records_addition" time="0.001" /><testcase classname="test_calculator.TestCalculatorHistory" name="test_history_records_multiple_operations" time="0.001" /><testcase classname="test_calculator.TestCalculatorHistory" name="test_clear_history" time="0.001" /><testcase classname="test_calculator.TestCalculatorHistory" name="test_history_is_copy" time="0.001" /><testcase classname="test_calculator.TestCalculateAverage" name="test_average_of_positive_numbers" time="0.001" /><testcase classname="test_calculator.TestCalculateAverage" name="test_average_of_single_number" time="0.001" /><testcase classname="test_calculator.TestCalculateAverage" name="test_average_with_negatives" time="0.001" /><testcase classname="test_calculator.TestCalculateAverage" name="test_average_empty_list_raises_error" time="0.001" /><testcase classname="test_calculator.TestCalculateAverage" name="test_average_parametrized[numbers0-20.0]" time="0.001" /><testcase classname="test_calculator.TestCalculateAverage" name="test_average_parametrized[numbers1-1.0]" time="0.001" /><testcase classname="test_calculator.TestCalculateAverage" name="test_average_parametrized[numbers2-100.0]" time="0.001" /><testcase classname="test_calculator.TestCalculateAverage" name="test_average_parametrized[numbers3-0.0]" time="0.001" /><testcase classname="test_calculator.TestIsPrime" name="test_prime_numbers" time="0.001" /><testcase classname="test_calculator.TestIsPrime" name="test_non_prime_numbers" time="0.001" /><testcase classname="test_calculator.TestIsPrime" name="test_negative_numbers_not_prime" time="0.001" /><testcase classname="test_calculator.TestIsPrime" name="test_is_prime_parametrized[2-True]" time="0.001" /><testcase classname="test_calculator.TestIsPrime" name="test_is_prime_parametrized[3-True]" time="0.001" /><testcase classname="test_calculator.TestIsPrime" name="test_is_prime_parametrized[4-False]" time="0.001" /><testcase classname="test_calculator.TestIsPrime" name="test_is_prime_parametrized[17-True]" time="0.001" /><testcase classname="test_calculator.TestIsPrime" name="test_is_prime_parametrized[100-False]" time="0.001" /><testcase classname="test_calculator.TestIsPrime" name="test_is_prime_parametrized[97-True]" time="0.001" /><testcase classname="test_calculator.TestCalculatorIntegration" name="test_complex_calculation_workflow" time="0.001" /><testcase classname="test_calculator.TestCalculatorIntegration" name="test_calculator_maintains_state" time="0.001" /><testcase classname="test_calculator.TestEdgeCases" name="test_very_large_numbers" time="0.001" /><testcase classname="test_calculator.TestEdgeCases" name="test_very_small_numbers" time="0.001" /><testcase classname="test_calculator.TestEdgeCases" name="test_float_precision" time="0.001" /><testcase classname="test_calculator.TestPerformance" name="test_many_operations" time="0.002" /></testsuite></testsuites>